  Ruslan.cpp
C:\Users\РожковскийВ\source\repos\Urok17.05\Urok17.05\Ruslan.h(8,9): error C2061: синтаксическая ошибка: идентификатор "string"
C:\Users\РожковскийВ\source\repos\Urok17.05\Urok17.05\Ruslan.h(10,13): error C3646: name: неизвестный спецификатор переопределения
C:\Users\РожковскийВ\source\repos\Urok17.05\Urok17.05\Ruslan.h(10,13): error C4430: отсутствует спецификатор типа - предполагается int. Примечание. C++ не поддерживает int по умолчанию
C:\Users\РожковскийВ\source\repos\Urok17.05\Urok17.05\Ruslan.h(21,18): error C3646: last_name: неизвестный спецификатор переопределения
C:\Users\РожковскийВ\source\repos\Urok17.05\Urok17.05\Ruslan.h(21,18): error C4430: отсутствует спецификатор типа - предполагается int. Примечание. C++ не поддерживает int по умолчанию
C:\Users\РожковскийВ\source\repos\Urok17.05\Urok17.05\Ruslan.h(36,13): error C3646: text: неизвестный спецификатор переопределения
C:\Users\РожковскийВ\source\repos\Urok17.05\Urok17.05\Ruslan.h(36,13): error C4430: отсутствует спецификатор типа - предполагается int. Примечание. C++ не поддерживает int по умолчанию
C:\Users\РожковскийВ\source\repos\Urok17.05\Urok17.05\Ruslan.h(37,16): error C3646: dedline: неизвестный спецификатор переопределения
C:\Users\РожковскийВ\source\repos\Urok17.05\Urok17.05\Ruslan.h(37,16): error C4430: отсутствует спецификатор типа - предполагается int. Примечание. C++ не поддерживает int по умолчанию
C:\Users\РожковскийВ\source\repos\Urok17.05\Urok17.05\Ruslan.h(38,6): error C2061: синтаксическая ошибка: идентификатор "string"
C:\Users\РожковскийВ\source\repos\Urok17.05\Urok17.05\Ruslan.cpp(5,43): error C2511: task::task(std::string,std::string): перегруженная функция-член не найдена в "task"
C:\Users\РожковскийВ\source\repos\Urok17.05\Urok17.05\Ruslan.h(32): message : см. объявление "task"
C:\Users\РожковскийВ\source\repos\Urok17.05\Urok17.05\Ruslan.cpp(6,2): error C2065: text: необъявленный идентификатор
C:\Users\РожковскийВ\source\repos\Urok17.05\Urok17.05\Ruslan.cpp(7,2): error C2065: dedline: необъявленный идентификатор
  main.cpp
C:\Users\РожковскийВ\source\repos\Urok17.05\Urok17.05\Ruslan.h(8,9): error C2061: синтаксическая ошибка: идентификатор "string"
C:\Users\РожковскийВ\source\repos\Urok17.05\Urok17.05\Ruslan.h(10,13): error C3646: name: неизвестный спецификатор переопределения
C:\Users\РожковскийВ\source\repos\Urok17.05\Urok17.05\Ruslan.h(10,13): error C4430: отсутствует спецификатор типа - предполагается int. Примечание. C++ не поддерживает int по умолчанию
C:\Users\РожковскийВ\source\repos\Urok17.05\Urok17.05\Ruslan.h(21,18): error C3646: last_name: неизвестный спецификатор переопределения
C:\Users\РожковскийВ\source\repos\Urok17.05\Urok17.05\Ruslan.h(21,18): error C4430: отсутствует спецификатор типа - предполагается int. Примечание. C++ не поддерживает int по умолчанию
C:\Users\РожковскийВ\source\repos\Urok17.05\Urok17.05\Ruslan.h(36,13): error C3646: text: неизвестный спецификатор переопределения
C:\Users\РожковскийВ\source\repos\Urok17.05\Urok17.05\Ruslan.h(36,13): error C4430: отсутствует спецификатор типа - предполагается int. Примечание. C++ не поддерживает int по умолчанию
C:\Users\РожковскийВ\source\repos\Urok17.05\Urok17.05\Ruslan.h(37,16): error C3646: dedline: неизвестный спецификатор переопределения
C:\Users\РожковскийВ\source\repos\Urok17.05\Urok17.05\Ruslan.h(37,16): error C4430: отсутствует спецификатор типа - предполагается int. Примечание. C++ не поддерживает int по умолчанию
C:\Users\РожковскийВ\source\repos\Urok17.05\Urok17.05\Ruslan.h(38,6): error C2061: синтаксическая ошибка: идентификатор "string"
C:\Users\РожковскийВ\source\repos\Urok17.05\Urok17.05\main.cpp(7,1): error C2143: синтаксическая ошибка: отсутствие ";" перед "}"
  Создание кода...
